build/app/intermediates/manifest_merge_blame_file/debug/manifest-merger-blame-debug-report.txt
1<?xml version="1.0" encoding="utf-8"?>
2<manifest xmlns:android="http://schemas.android.com/apk/res/android"
3    package="com.khetiharii.app"
4    android:versionCode="1"
5    android:versionName="1.0.0" >
6
7    <uses-sdk
8        android:minSdkVersion="21"
9        android:targetSdkVersion="33" />
10    <!--
11         Flutter needs it to communicate with the running application
12         to allow setting breakpoints, to provide hot reload, etc.
13    -->
14    <uses-permission android:name="android.permission.INTERNET" />
14-->src\main\AndroidManifest.xml:4:5-66
14-->src\main\AndroidManifest.xml:4:22-64
15    <uses-permission android:name="android.permission.ACCESS_NETWORK_STATE" />
15-->[:firebase_analytics] AndroidManifest.xml:9:5-79
15-->[:firebase_analytics] AndroidManifest.xml:9:22-76
16    <uses-permission android:name="android.permission.WAKE_LOCK" />
16-->[:firebase_analytics] AndroidManifest.xml:11:5-68
16-->[:firebase_analytics] AndroidManifest.xml:11:22-65
17    <uses-permission android:name="com.google.android.gms.permission.AD_ID" />
17-->[com.google.android.gms:play-services-measurement-api:21.5.0] AndroidManifest.xml:25:5-79
17-->[com.google.android.gms:play-services-measurement-api:21.5.0] AndroidManifest.xml:25:22-76
18    <uses-permission android:name="android.permission.ACCESS_ADSERVICES_ATTRIBUTION" />
18-->[com.google.android.gms:play-services-measurement-api:21.5.0] AndroidManifest.xml:26:5-88
18-->[com.google.android.gms:play-services-measurement-api:21.5.0] AndroidManifest.xml:26:22-85
19    <uses-permission android:name="android.permission.ACCESS_ADSERVICES_AD_ID" />
19-->[com.google.android.gms:play-services-measurement-api:21.5.0] AndroidManifest.xml:27:5-82
19-->[com.google.android.gms:play-services-measurement-api:21.5.0] AndroidManifest.xml:27:22-79
20    <uses-permission android:name="com.google.android.finsky.permission.BIND_GET_INSTALL_REFERRER_SERVICE" />
20-->[com.google.android.gms:play-services-measurement:21.5.0] AndroidManifest.xml:26:5-110
20-->[com.google.android.gms:play-services-measurement:21.5.0] AndroidManifest.xml:26:22-107
21
22    <uses-feature
22-->[com.google.android.gms:play-services-maps:18.2.0] AndroidManifest.xml:26:5-28:35
23        android:glEsVersion="0x00020000"
23-->[com.google.android.gms:play-services-maps:18.2.0] AndroidManifest.xml:27:9-41
24        android:required="true" />
24-->[com.google.android.gms:play-services-maps:18.2.0] AndroidManifest.xml:28:9-32
25
26    <queries>
26-->[com.google.android.gms:play-services-maps:18.2.0] AndroidManifest.xml:30:5-34:15
27
28        <!-- Needs to be explicitly declared on Android R+ -->
29        <package android:name="com.google.android.apps.maps" />
29-->[com.google.android.gms:play-services-maps:18.2.0] AndroidManifest.xml:33:9-64
29-->[com.google.android.gms:play-services-maps:18.2.0] AndroidManifest.xml:33:18-61
30    </queries>
31
32    <permission
32-->[androidx.core:core:1.10.1] AndroidManifest.xml:22:5-24:47
33        android:name="com.khetiharii.app.DYNAMIC_RECEIVER_NOT_EXPORTED_PERMISSION"
33-->[androidx.core:core:1.10.1] AndroidManifest.xml:23:9-81
34        android:protectionLevel="signature" />
34-->[androidx.core:core:1.10.1] AndroidManifest.xml:24:9-44
35
36    <uses-permission android:name="com.khetiharii.app.DYNAMIC_RECEIVER_NOT_EXPORTED_PERMISSION" />
36-->[androidx.core:core:1.10.1] AndroidManifest.xml:26:5-97
36-->[androidx.core:core:1.10.1] AndroidManifest.xml:26:22-94
37
38    <application
38-->src\main\AndroidManifest.xml:7:5-61:19
39        android:appComponentFactory="androidx.core.app.CoreComponentFactory"
39-->[androidx.core:core:1.10.1] AndroidManifest.xml:28:18-86
40        android:debuggable="true"
41        android:icon="@mipmap/ic_launcher"
41-->src\main\AndroidManifest.xml:10:9-43
42        android:label="Khetiharii"
42-->src\main\AndroidManifest.xml:8:9-35
43        android:requestLegacyExternalStorage="true" >
43-->src\main\AndroidManifest.xml:11:9-52
44        <activity
44-->src\main\AndroidManifest.xml:13:9-51:20
45            android:name="com.khetiharii.app.MainActivity"
45-->src\main\AndroidManifest.xml:14:13-41
46            android:configChanges="orientation|keyboardHidden|keyboard|screenSize|smallestScreenSize|locale|layoutDirection|fontScale|screenLayout|density|uiMode"
46-->src\main\AndroidManifest.xml:18:13-163
47            android:exported="true"
47-->src\main\AndroidManifest.xml:15:13-36
48            android:hardwareAccelerated="true"
48-->src\main\AndroidManifest.xml:19:13-47
49            android:launchMode="singleTop"
49-->src\main\AndroidManifest.xml:16:13-43
50            android:theme="@style/LaunchTheme"
50-->src\main\AndroidManifest.xml:17:13-47
51            android:windowSoftInputMode="adjustResize" >
51-->src\main\AndroidManifest.xml:20:13-55
52
53            <!--
54                 Specifies an Android theme to apply to this Activity as soon as
55                 the Android process has started. This theme is visible to the user
56                 while the Flutter UI initializes. After that, this theme continues
57                 to determine the Window background behind the Flutter UI.
58            -->
59            <meta-data
59-->src\main\AndroidManifest.xml:25:13-28:17
60                android:name="io.flutter.embedding.android.NormalTheme"
60-->src\main\AndroidManifest.xml:26:15-70
61                android:resource="@style/NormalTheme" />
61-->src\main\AndroidManifest.xml:27:15-52
62            <!--
63                 Displays an Android View that continues showing the launch screen
64                 Drawable until Flutter paints its first frame, then this splash
65                 screen fades out. A splash screen is useful to avoid any visual
66                 gap between the end of Android's launch screen and the painting of
67                 Flutter's first frame.
68            -->
69            <meta-data
69-->src\main\AndroidManifest.xml:34:13-37:17
70                android:name="io.flutter.embedding.android.SplashScreenDrawable"
70-->src\main\AndroidManifest.xml:35:15-79
71                android:resource="@drawable/launch_background" />
71-->src\main\AndroidManifest.xml:36:15-61
72
73            <intent-filter>
73-->src\main\AndroidManifest.xml:38:13-41:29
74                <action android:name="android.intent.action.MAIN" />
74-->src\main\AndroidManifest.xml:39:17-68
74-->src\main\AndroidManifest.xml:39:25-66
75
76                <category android:name="android.intent.category.LAUNCHER" />
76-->src\main\AndroidManifest.xml:40:17-76
76-->src\main\AndroidManifest.xml:40:27-74
77            </intent-filter>
78            <!-- Deep linking -->
79            <meta-data
79-->src\main\AndroidManifest.xml:43:13-90
80                android:name="flutter_deeplinking_enabled"
80-->src\main\AndroidManifest.xml:43:24-66
81                android:value="true" />
81-->src\main\AndroidManifest.xml:43:67-87
82
83            <intent-filter android:autoVerify="true" >
83-->src\main\AndroidManifest.xml:44:13-49:29
83-->src\main\AndroidManifest.xml:44:28-53
84                <action android:name="android.intent.action.VIEW" />
84-->src\main\AndroidManifest.xml:45:17-69
84-->src\main\AndroidManifest.xml:45:25-66
85
86                <category android:name="android.intent.category.DEFAULT" />
86-->src\main\AndroidManifest.xml:46:17-76
86-->src\main\AndroidManifest.xml:46:27-73
87                <category android:name="android.intent.category.BROWSABLE" />
87-->src\main\AndroidManifest.xml:47:17-78
87-->src\main\AndroidManifest.xml:47:27-75
88
89                <data
89-->src\main\AndroidManifest.xml:48:17-83
90                    android:host="khetiharii.com"
90-->src\main\AndroidManifest.xml:48:51-80
91                    android:scheme="khetiharii" />
91-->src\main\AndroidManifest.xml:48:23-50
92            </intent-filter>
93        </activity>
94
95        <!--
96             Don't delete the meta-data below.
97             This is used by the Flutter tool to generate GeneratedPluginRegistrant.java
98        -->
99        <meta-data
99-->src\main\AndroidManifest.xml:55:9-57:33
100            android:name="flutterEmbedding"
100-->src\main\AndroidManifest.xml:56:13-44
101            android:value="2" />
101-->src\main\AndroidManifest.xml:57:13-30
102        <meta-data
102-->src\main\AndroidManifest.xml:58:9-123
103            android:name="com.google.android.geo.API_KEY"
103-->src\main\AndroidManifest.xml:58:20-65
104            android:value="AIzaSyAe_kAXAl_v4J-g7IaekEnzTvhIQksW2JM" />
104-->src\main\AndroidManifest.xml:58:66-121
105
106        <service
106-->[:cloud_firestore] AndroidManifest.xml:10:9-14:19
107            android:name="com.google.firebase.components.ComponentDiscoveryService"
107-->[:cloud_firestore] AndroidManifest.xml:10:18-89
108            android:directBootAware="true"
108-->[com.google.firebase:firebase-common:20.4.2] AndroidManifest.xml:32:13-43
109            android:exported="false" >
109-->[com.google.android.gms:play-services-measurement-api:21.5.0] AndroidManifest.xml:36:13-37
110            <meta-data
110-->[:cloud_firestore] AndroidManifest.xml:11:13-13:85
111                android:name="com.google.firebase.components:io.flutter.plugins.firebase.firestore.FlutterFirebaseFirestoreRegistrar"
111-->[:cloud_firestore] AndroidManifest.xml:12:17-134
112                android:value="com.google.firebase.components.ComponentRegistrar" />
112-->[:cloud_firestore] AndroidManifest.xml:13:17-82
113            <meta-data
113-->[:firebase_performance] AndroidManifest.xml:13:13-15:85
114                android:name="com.google.firebase.components:io.flutter.plugins.firebase.performance.FlutterFirebaseAppRegistrar"
114-->[:firebase_performance] AndroidManifest.xml:14:17-130
115                android:value="com.google.firebase.components.ComponentRegistrar" />
115-->[:firebase_performance] AndroidManifest.xml:15:17-82
116            <meta-data
116-->[:firebase_analytics] AndroidManifest.xml:15:13-17:85
117                android:name="com.google.firebase.components:io.flutter.plugins.firebase.analytics.FlutterFirebaseAppRegistrar"
117-->[:firebase_analytics] AndroidManifest.xml:16:17-128
118                android:value="com.google.firebase.components.ComponentRegistrar" />
118-->[:firebase_analytics] AndroidManifest.xml:17:17-82
119            <meta-data
119-->[:firebase_auth] AndroidManifest.xml:11:13-13:85
120                android:name="com.google.firebase.components:io.flutter.plugins.firebase.auth.FlutterFirebaseAuthRegistrar"
120-->[:firebase_auth] AndroidManifest.xml:12:17-124
121                android:value="com.google.firebase.components.ComponentRegistrar" />
121-->[:firebase_auth] AndroidManifest.xml:13:17-82
122            <meta-data
122-->[:firebase_core] AndroidManifest.xml:11:13-13:85
123                android:name="com.google.firebase.components:io.flutter.plugins.firebase.core.FlutterFirebaseCoreRegistrar"
123-->[:firebase_core] AndroidManifest.xml:12:17-124
124                android:value="com.google.firebase.components.ComponentRegistrar" />
124-->[:firebase_core] AndroidManifest.xml:13:17-82
125            <meta-data
125-->[com.google.android.gms:play-services-measurement-api:21.5.0] AndroidManifest.xml:37:13-39:85
126                android:name="com.google.firebase.components:com.google.firebase.analytics.connector.internal.AnalyticsConnectorRegistrar"
126-->[com.google.android.gms:play-services-measurement-api:21.5.0] AndroidManifest.xml:38:17-139
127                android:value="com.google.firebase.components.ComponentRegistrar" />
127-->[com.google.android.gms:play-services-measurement-api:21.5.0] AndroidManifest.xml:39:17-82
128            <meta-data
128-->[com.google.firebase:firebase-perf:20.5.1] AndroidManifest.xml:14:13-16:85
129                android:name="com.google.firebase.components:com.google.firebase.perf.FirebasePerfKtxRegistrar"
129-->[com.google.firebase:firebase-perf:20.5.1] AndroidManifest.xml:15:17-112
130                android:value="com.google.firebase.components.ComponentRegistrar" />
130-->[com.google.firebase:firebase-perf:20.5.1] AndroidManifest.xml:16:17-82
131            <meta-data
131-->[com.google.firebase:firebase-perf:20.5.1] AndroidManifest.xml:17:13-19:85
132                android:name="com.google.firebase.components:com.google.firebase.perf.FirebasePerfRegistrar"
132-->[com.google.firebase:firebase-perf:20.5.1] AndroidManifest.xml:18:17-109
133                android:value="com.google.firebase.components.ComponentRegistrar" />
133-->[com.google.firebase:firebase-perf:20.5.1] AndroidManifest.xml:19:17-82
134            <meta-data
134-->[com.google.firebase:firebase-sessions:1.2.0] AndroidManifest.xml:29:13-31:85
135                android:name="com.google.firebase.components:com.google.firebase.sessions.FirebaseSessionsRegistrar"
135-->[com.google.firebase:firebase-sessions:1.2.0] AndroidManifest.xml:30:17-117
136                android:value="com.google.firebase.components.ComponentRegistrar" />
136-->[com.google.firebase:firebase-sessions:1.2.0] AndroidManifest.xml:31:17-82
137            <meta-data
137-->[com.google.firebase:firebase-auth:22.3.0] AndroidManifest.xml:69:13-71:85
138                android:name="com.google.firebase.components:com.google.firebase.auth.FirebaseAuthRegistrar"
138-->[com.google.firebase:firebase-auth:22.3.0] AndroidManifest.xml:70:17-109
139                android:value="com.google.firebase.components.ComponentRegistrar" />
139-->[com.google.firebase:firebase-auth:22.3.0] AndroidManifest.xml:71:17-82
140            <meta-data
140-->[com.google.firebase:firebase-firestore:24.9.1] AndroidManifest.xml:17:13-19:85
141                android:name="com.google.firebase.components:com.google.firebase.firestore.FirebaseFirestoreKtxRegistrar"
141-->[com.google.firebase:firebase-firestore:24.9.1] AndroidManifest.xml:18:17-122
142                android:value="com.google.firebase.components.ComponentRegistrar" />
142-->[com.google.firebase:firebase-firestore:24.9.1] AndroidManifest.xml:19:17-82
143            <meta-data
143-->[com.google.firebase:firebase-firestore:24.9.1] AndroidManifest.xml:20:13-22:85
144                android:name="com.google.firebase.components:com.google.firebase.firestore.FirestoreRegistrar"
144-->[com.google.firebase:firebase-firestore:24.9.1] AndroidManifest.xml:21:17-111
145                android:value="com.google.firebase.components.ComponentRegistrar" />
145-->[com.google.firebase:firebase-firestore:24.9.1] AndroidManifest.xml:22:17-82
146            <meta-data
146-->[com.google.firebase:firebase-config:21.6.0] AndroidManifest.xml:29:13-31:85
147                android:name="com.google.firebase.components:com.google.firebase.remoteconfig.FirebaseRemoteConfigKtxRegistrar"
147-->[com.google.firebase:firebase-config:21.6.0] AndroidManifest.xml:30:17-128
148                android:value="com.google.firebase.components.ComponentRegistrar" />
148-->[com.google.firebase:firebase-config:21.6.0] AndroidManifest.xml:31:17-82
149            <meta-data
149-->[com.google.firebase:firebase-config:21.6.0] AndroidManifest.xml:32:13-34:85
150                android:name="com.google.firebase.components:com.google.firebase.remoteconfig.RemoteConfigRegistrar"
150-->[com.google.firebase:firebase-config:21.6.0] AndroidManifest.xml:33:17-117
151                android:value="com.google.firebase.components.ComponentRegistrar" />
151-->[com.google.firebase:firebase-config:21.6.0] AndroidManifest.xml:34:17-82
152            <meta-data
152-->[com.google.firebase:firebase-installations:17.2.0] AndroidManifest.xml:15:13-17:85
153                android:name="com.google.firebase.components:com.google.firebase.installations.FirebaseInstallationsKtxRegistrar"
153-->[com.google.firebase:firebase-installations:17.2.0] AndroidManifest.xml:16:17-130
154                android:value="com.google.firebase.components.ComponentRegistrar" />
154-->[com.google.firebase:firebase-installations:17.2.0] AndroidManifest.xml:17:17-82
155            <meta-data
155-->[com.google.firebase:firebase-installations:17.2.0] AndroidManifest.xml:18:13-20:85
156                android:name="com.google.firebase.components:com.google.firebase.installations.FirebaseInstallationsRegistrar"
156-->[com.google.firebase:firebase-installations:17.2.0] AndroidManifest.xml:19:17-127
157                android:value="com.google.firebase.components.ComponentRegistrar" />
157-->[com.google.firebase:firebase-installations:17.2.0] AndroidManifest.xml:20:17-82
158            <meta-data
158-->[com.google.firebase:firebase-common-ktx:20.4.2] AndroidManifest.xml:12:13-14:85
159                android:name="com.google.firebase.components:com.google.firebase.ktx.FirebaseCommonLegacyRegistrar"
159-->[com.google.firebase:firebase-common-ktx:20.4.2] AndroidManifest.xml:13:17-116
160                android:value="com.google.firebase.components.ComponentRegistrar" />
160-->[com.google.firebase:firebase-common-ktx:20.4.2] AndroidManifest.xml:14:17-82
161            <meta-data
161-->[com.google.firebase:firebase-datatransport:18.1.8] AndroidManifest.xml:27:13-29:85
162                android:name="com.google.firebase.components:com.google.firebase.datatransport.TransportRegistrar"
162-->[com.google.firebase:firebase-datatransport:18.1.8] AndroidManifest.xml:28:17-115
163                android:value="com.google.firebase.components.ComponentRegistrar" />
163-->[com.google.firebase:firebase-datatransport:18.1.8] AndroidManifest.xml:29:17-82
164            <meta-data
164-->[com.google.firebase:firebase-common:20.4.2] AndroidManifest.xml:35:13-37:85
165                android:name="com.google.firebase.components:com.google.firebase.FirebaseCommonKtxRegistrar"
165-->[com.google.firebase:firebase-common:20.4.2] AndroidManifest.xml:36:17-109
166                android:value="com.google.firebase.components.ComponentRegistrar" />
166-->[com.google.firebase:firebase-common:20.4.2] AndroidManifest.xml:37:17-82
167            <meta-data
167-->[com.google.firebase:firebase-abt:21.1.1] AndroidManifest.xml:12:13-14:85
168                android:name="com.google.firebase.components:com.google.firebase.abt.component.AbtRegistrar"
168-->[com.google.firebase:firebase-abt:21.1.1] AndroidManifest.xml:13:17-109
169                android:value="com.google.firebase.components.ComponentRegistrar" />
169-->[com.google.firebase:firebase-abt:21.1.1] AndroidManifest.xml:14:17-82
170        </service>
171
172        <activity
172-->[:url_launcher_android] AndroidManifest.xml:10:9-13:74
173            android:name="io.flutter.plugins.urllauncher.WebViewActivity"
173-->[:url_launcher_android] AndroidManifest.xml:11:13-74
174            android:exported="false"
174-->[:url_launcher_android] AndroidManifest.xml:12:13-37
175            android:theme="@android:style/Theme.NoTitleBar.Fullscreen" />
175-->[:url_launcher_android] AndroidManifest.xml:13:13-71
176        <!--
177           Declares a provider which allows us to store files to share in
178           '.../caches/share_plus' and grant the receiving action access
179        -->
180        <provider
180-->[:share_plus] AndroidManifest.xml:15:9-23:20
181            android:name="dev.fluttercommunity.plus.share.ShareFileProvider"
181-->[:share_plus] AndroidManifest.xml:16:13-77
182            android:authorities="com.khetiharii.app.flutter.share_provider"
182-->[:share_plus] AndroidManifest.xml:17:13-74
183            android:exported="false"
183-->[:share_plus] AndroidManifest.xml:18:13-37
184            android:grantUriPermissions="true" >
184-->[:share_plus] AndroidManifest.xml:19:13-47
185            <meta-data
185-->[:share_plus] AndroidManifest.xml:20:13-22:68
186                android:name="android.support.FILE_PROVIDER_PATHS"
186-->[:share_plus] AndroidManifest.xml:21:17-67
187                android:resource="@xml/flutter_share_file_paths" />
187-->[:share_plus] AndroidManifest.xml:22:17-65
188        </provider>
189        <!--
190           This manifest declared broadcast receiver allows us to use an explicit
191           Intent when creating a PendingItent to be informed of the user's choice
192        -->
193        <receiver
193-->[:share_plus] AndroidManifest.xml:28:9-34:20
194            android:name="dev.fluttercommunity.plus.share.SharePlusPendingIntent"
194-->[:share_plus] AndroidManifest.xml:29:13-82
195            android:exported="false" >
195-->[:share_plus] AndroidManifest.xml:30:13-37
196            <intent-filter>
196-->[:share_plus] AndroidManifest.xml:31:13-33:29
197                <action android:name="EXTRA_CHOSEN_COMPONENT" />
197-->[:share_plus] AndroidManifest.xml:32:17-65
197-->[:share_plus] AndroidManifest.xml:32:25-62
198            </intent-filter>
199        </receiver>
200
201        <property
201-->[com.google.android.gms:play-services-measurement-api:21.5.0] AndroidManifest.xml:30:9-32:61
202            android:name="android.adservices.AD_SERVICES_CONFIG"
202-->[com.google.android.gms:play-services-measurement-api:21.5.0] AndroidManifest.xml:31:13-65
203            android:resource="@xml/ga_ad_services_config" />
203-->[com.google.android.gms:play-services-measurement-api:21.5.0] AndroidManifest.xml:32:13-58
204
205        <service
205-->[com.google.firebase:firebase-sessions:1.2.0] AndroidManifest.xml:22:9-25:40
206            android:name="com.google.firebase.sessions.SessionLifecycleService"
206-->[com.google.firebase:firebase-sessions:1.2.0] AndroidManifest.xml:23:13-80
207            android:enabled="true"
207-->[com.google.firebase:firebase-sessions:1.2.0] AndroidManifest.xml:24:13-35
208            android:exported="false" />
208-->[com.google.firebase:firebase-sessions:1.2.0] AndroidManifest.xml:25:13-37
209
210        <activity
210-->[com.google.firebase:firebase-auth:22.3.0] AndroidManifest.xml:29:9-46:20
211            android:name="com.google.firebase.auth.internal.GenericIdpActivity"
211-->[com.google.firebase:firebase-auth:22.3.0] AndroidManifest.xml:30:13-80
212            android:excludeFromRecents="true"
212-->[com.google.firebase:firebase-auth:22.3.0] AndroidManifest.xml:31:13-46
213            android:exported="true"
213-->[com.google.firebase:firebase-auth:22.3.0] AndroidManifest.xml:32:13-36
214            android:launchMode="singleTask"
214-->[com.google.firebase:firebase-auth:22.3.0] AndroidManifest.xml:33:13-44
215            android:theme="@android:style/Theme.Translucent.NoTitleBar" >
215-->[com.google.firebase:firebase-auth:22.3.0] AndroidManifest.xml:34:13-72
216            <intent-filter>
216-->[com.google.firebase:firebase-auth:22.3.0] AndroidManifest.xml:35:13-45:29
217                <action android:name="android.intent.action.VIEW" />
217-->src\main\AndroidManifest.xml:45:17-69
217-->src\main\AndroidManifest.xml:45:25-66
218
219                <category android:name="android.intent.category.DEFAULT" />
219-->src\main\AndroidManifest.xml:46:17-76
219-->src\main\AndroidManifest.xml:46:27-73
220                <category android:name="android.intent.category.BROWSABLE" />
220-->src\main\AndroidManifest.xml:47:17-78
220-->src\main\AndroidManifest.xml:47:27-75
221
222                <data
222-->src\main\AndroidManifest.xml:48:17-83
223                    android:host="firebase.auth"
223-->src\main\AndroidManifest.xml:48:51-80
224                    android:path="/"
225                    android:scheme="genericidp" />
225-->src\main\AndroidManifest.xml:48:23-50
226            </intent-filter>
227        </activity>
228        <activity
228-->[com.google.firebase:firebase-auth:22.3.0] AndroidManifest.xml:47:9-64:20
229            android:name="com.google.firebase.auth.internal.RecaptchaActivity"
229-->[com.google.firebase:firebase-auth:22.3.0] AndroidManifest.xml:48:13-79
230            android:excludeFromRecents="true"
230-->[com.google.firebase:firebase-auth:22.3.0] AndroidManifest.xml:49:13-46
231            android:exported="true"
231-->[com.google.firebase:firebase-auth:22.3.0] AndroidManifest.xml:50:13-36
232            android:launchMode="singleTask"
232-->[com.google.firebase:firebase-auth:22.3.0] AndroidManifest.xml:51:13-44
233            android:theme="@android:style/Theme.Translucent.NoTitleBar" >
233-->[com.google.firebase:firebase-auth:22.3.0] AndroidManifest.xml:52:13-72
234            <intent-filter>
234-->[com.google.firebase:firebase-auth:22.3.0] AndroidManifest.xml:53:13-63:29
235                <action android:name="android.intent.action.VIEW" />
235-->src\main\AndroidManifest.xml:45:17-69
235-->src\main\AndroidManifest.xml:45:25-66
236
237                <category android:name="android.intent.category.DEFAULT" />
237-->src\main\AndroidManifest.xml:46:17-76
237-->src\main\AndroidManifest.xml:46:27-73
238                <category android:name="android.intent.category.BROWSABLE" />
238-->src\main\AndroidManifest.xml:47:17-78
238-->src\main\AndroidManifest.xml:47:27-75
239
240                <data
240-->src\main\AndroidManifest.xml:48:17-83
241                    android:host="firebase.auth"
241-->src\main\AndroidManifest.xml:48:51-80
242                    android:path="/"
243                    android:scheme="recaptcha" />
243-->src\main\AndroidManifest.xml:48:23-50
244            </intent-filter>
245        </activity>
246
247        <service
247-->[com.google.android.datatransport:transport-backend-cct:3.1.9] AndroidManifest.xml:28:9-34:19
248            android:name="com.google.android.datatransport.runtime.backends.TransportBackendDiscovery"
248-->[com.google.android.datatransport:transport-backend-cct:3.1.9] AndroidManifest.xml:29:13-103
249            android:exported="false" >
249-->[com.google.android.datatransport:transport-backend-cct:3.1.9] AndroidManifest.xml:30:13-37
250            <meta-data
250-->[com.google.android.datatransport:transport-backend-cct:3.1.9] AndroidManifest.xml:31:13-33:39
251                android:name="backend:com.google.android.datatransport.cct.CctBackendFactory"
251-->[com.google.android.datatransport:transport-backend-cct:3.1.9] AndroidManifest.xml:32:17-94
252                android:value="cct" />
252-->[com.google.android.datatransport:transport-backend-cct:3.1.9] AndroidManifest.xml:33:17-36
253        </service>
254
255        <uses-library
255-->[androidx.window:window:1.0.0-beta04] AndroidManifest.xml:25:9-27:40
256            android:name="androidx.window.extensions"
256-->[androidx.window:window:1.0.0-beta04] AndroidManifest.xml:26:13-54
257            android:required="false" />
257-->[androidx.window:window:1.0.0-beta04] AndroidManifest.xml:27:13-37
258        <uses-library
258-->[androidx.window:window:1.0.0-beta04] AndroidManifest.xml:28:9-30:40
259            android:name="androidx.window.sidecar"
259-->[androidx.window:window:1.0.0-beta04] AndroidManifest.xml:29:13-51
260            android:required="false" />
260-->[androidx.window:window:1.0.0-beta04] AndroidManifest.xml:30:13-37
261
262        <provider
262-->[com.google.firebase:firebase-common:20.4.2] AndroidManifest.xml:23:9-28:39
263            android:name="com.google.firebase.provider.FirebaseInitProvider"
263-->[com.google.firebase:firebase-common:20.4.2] AndroidManifest.xml:24:13-77
264            android:authorities="com.khetiharii.app.firebaseinitprovider"
264-->[com.google.firebase:firebase-common:20.4.2] AndroidManifest.xml:25:13-72
265            android:directBootAware="true"
265-->[com.google.firebase:firebase-common:20.4.2] AndroidManifest.xml:26:13-43
266            android:exported="false"
266-->[com.google.firebase:firebase-common:20.4.2] AndroidManifest.xml:27:13-37
267            android:initOrder="100" />
267-->[com.google.firebase:firebase-common:20.4.2] AndroidManifest.xml:28:13-36
268
269        <receiver
269-->[com.google.android.gms:play-services-measurement:21.5.0] AndroidManifest.xml:29:9-33:20
270            android:name="com.google.android.gms.measurement.AppMeasurementReceiver"
270-->[com.google.android.gms:play-services-measurement:21.5.0] AndroidManifest.xml:30:13-85
271            android:enabled="true"
271-->[com.google.android.gms:play-services-measurement:21.5.0] AndroidManifest.xml:31:13-35
272            android:exported="false" >
272-->[com.google.android.gms:play-services-measurement:21.5.0] AndroidManifest.xml:32:13-37
273        </receiver>
274
275        <service
275-->[com.google.android.gms:play-services-measurement:21.5.0] AndroidManifest.xml:35:9-38:40
276            android:name="com.google.android.gms.measurement.AppMeasurementService"
276-->[com.google.android.gms:play-services-measurement:21.5.0] AndroidManifest.xml:36:13-84
277            android:enabled="true"
277-->[com.google.android.gms:play-services-measurement:21.5.0] AndroidManifest.xml:37:13-35
278            android:exported="false" />
278-->[com.google.android.gms:play-services-measurement:21.5.0] AndroidManifest.xml:38:13-37
279        <service
279-->[com.google.android.gms:play-services-measurement:21.5.0] AndroidManifest.xml:39:9-43:72
280            android:name="com.google.android.gms.measurement.AppMeasurementJobService"
280-->[com.google.android.gms:play-services-measurement:21.5.0] AndroidManifest.xml:40:13-87
281            android:enabled="true"
281-->[com.google.android.gms:play-services-measurement:21.5.0] AndroidManifest.xml:41:13-35
282            android:exported="false"
282-->[com.google.android.gms:play-services-measurement:21.5.0] AndroidManifest.xml:42:13-37
283            android:permission="android.permission.BIND_JOB_SERVICE" />
283-->[com.google.android.gms:play-services-measurement:21.5.0] AndroidManifest.xml:43:13-69
284
285        <uses-library
285-->[androidx.privacysandbox.ads:ads-adservices:1.0.0-beta05] AndroidManifest.xml:23:9-25:40
286            android:name="android.ext.adservices"
286-->[androidx.privacysandbox.ads:ads-adservices:1.0.0-beta05] AndroidManifest.xml:24:13-50
287            android:required="false" /> <!-- Needs to be explicitly declared on P+ -->